# JRE version: OpenJDK Runtime Environment Corretto-23.0.2.7.1 (23.0.2+7) (build 23.0.2+7-FR)
# Java VM: OpenJDK 64-Bit Server VM Corretto-23.0.2.7.1 (23.0.2+7-FR, mixed mode, sharing, tiered, compressed oops, compressed class ptrs, g1 gc, windows-amd64)
GC Precious Log:
 CardTable entry size: 512
 Card Set container configuration: InlinePtr #cards 4 size 8 Array Of Cards #cards 16 size 48 Howl #buckets 8 coarsen threshold 3686 Howl Bitmap #cards 512 size 80 coarsen threshold 460 Card regions per heap region 1 cards per card region 4096
 CPUs: 8 total, 8 available
 Memory: 16156M
 Large Page Support: Disabled
 NUMA Support: Disabled
 Compressed Oops: Enabled (Zero based)
 Heap Region Size: 2M
 Heap Min Capacity: 8M
 Heap Initial Capacity: 254M
 Heap Max Capacity: 4040M
 Pre-touch: Disabled
 Parallel Workers: 8
 Concurrent Workers: 2
 Concurrent Refinement Workers: 8
 Periodic GC: Disabled
Heap:
 garbage-first heap   total reserved 4136960K, committed 69632K, used 48353K [0x0000000703800000, 0x0000000800000000)
  region size 2048K, 9 young (18432K), 2 survivors (4096K)
 Metaspace       used 55063K, committed 55936K, reserved 1114112K
  class space    used 7582K, committed 7936K, reserved 1048576K
GC Heap History (20 events):
Event: 14.995 GC heap before
{Heap before GC invocations=3 (full 0):
 garbage-first heap   total reserved 4136960K, committed 260096K, used 61496K [0x0000000703800000, 0x0000000800000000)
  region size 2048K, 21 young (43008K), 2 survivors (4096K)
 Metaspace       used 21162K, committed 21504K, reserved 1114112K
  class space    used 2754K, committed 2944K, reserved 1048576K
}
Event: 15.008 GC heap after
{Heap after GC invocations=4 (full 0):
 garbage-first heap   total reserved 4136960K, committed 260096K, used 17991K [0x0000000703800000, 0x0000000800000000)
  region size 2048K, 3 young (6144K), 3 survivors (6144K)
 Metaspace       used 21162K, committed 21504K, reserved 1114112K
  class space    used 2754K, committed 2944K, reserved 1048576K
}
Event: 19.641 GC heap before
{Heap before GC invocations=5 (full 0):
 garbage-first heap   total reserved 4136960K, committed 69632K, used 52807K [0x0000000703800000, 0x0000000800000000)
  region size 2048K, 20 young (40960K), 3 survivors (6144K)
 Metaspace       used 24658K, committed 25024K, reserved 1114112K
  class space    used 3167K, committed 3328K, reserved 1048576K
}
Event: 19.655 GC heap after
{Heap after GC invocations=6 (full 0):
 garbage-first heap   total reserved 4136960K, committed 69632K, used 20211K [0x0000000703800000, 0x0000000800000000)
  region size 2048K, 2 young (4096K), 2 survivors (4096K)
 Metaspace       used 24658K, committed 25024K, reserved 1114112K
  class space    used 3167K, committed 3328K, reserved 1048576K
}
Event: 23.025 GC heap before
{Heap before GC invocations=6 (full 0):
 garbage-first heap   total reserved 4136960K, committed 69632K, used 46835K [0x0000000703800000, 0x0000000800000000)
  region size 2048K, 16 young (32768K), 2 survivors (4096K)
 Metaspace       used 29172K, committed 29632K, reserved 1114112K
  class space    used 3842K, committed 4032K, reserved 1048576K
}
Event: 23.042 GC heap after
{Heap after GC invocations=7 (full 0):
 garbage-first heap   total reserved 4136960K, committed 69632K, used 22170K [0x0000000703800000, 0x0000000800000000)
  region size 2048K, 2 young (4096K), 2 survivors (4096K)
 Metaspace       used 29172K, committed 29632K, reserved 1114112K
  class space    used 3842K, committed 4032K, reserved 1048576K
}
Event: 25.803 GC heap before
{Heap before GC invocations=7 (full 0):
 garbage-first heap   total reserved 4136960K, committed 69632K, used 50842K [0x0000000703800000, 0x0000000800000000)
  region size 2048K, 16 young (32768K), 2 survivors (4096K)
 Metaspace       used 34905K, committed 35392K, reserved 1114112K
  class space    used 4634K, committed 4864K, reserved 1048576K
}
Event: 25.816 GC heap after
{Heap after GC invocations=8 (full 0):
 garbage-first heap   total reserved 4136960K, committed 69632K, used 25143K [0x0000000703800000, 0x0000000800000000)
  region size 2048K, 2 young (4096K), 2 survivors (4096K)
 Metaspace       used 34905K, committed 35392K, reserved 1114112K
  class space    used 4634K, committed 4864K, reserved 1048576K
}
Event: 26.412 GC heap before
{Heap before GC invocations=8 (full 0):
 garbage-first heap   total reserved 4136960K, committed 69632K, used 29239K [0x0000000703800000, 0x0000000800000000)
  region size 2048K, 5 young (10240K), 2 survivors (4096K)
 Metaspace       used 35680K, committed 36160K, reserved 1114112K
  class space    used 4755K, committed 4992K, reserved 1048576K
}
Event: 26.422 GC heap after
{Heap after GC invocations=9 (full 0):
 garbage-first heap   total reserved 4136960K, committed 69632K, used 25510K [0x0000000703800000, 0x0000000800000000)
  region size 2048K, 1 young (2048K), 1 survivors (2048K)
 Metaspace       used 35680K, committed 36160K, reserved 1114112K
  class space    used 4755K, committed 4992K, reserved 1048576K
}
Event: 32.861 GC heap before
{Heap before GC invocations=10 (full 0):
 garbage-first heap   total reserved 4136960K, committed 69632K, used 52134K [0x0000000703800000, 0x0000000800000000)
  region size 2048K, 15 young (30720K), 1 survivors (2048K)
 Metaspace       used 40814K, committed 41408K, reserved 1114112K
  class space    used 5524K, committed 5760K, reserved 1048576K
}
Event: 32.880 GC heap after
{Heap after GC invocations=11 (full 0):
 garbage-first heap   total reserved 4136960K, committed 69632K, used 30034K [0x0000000703800000, 0x0000000800000000)
  region size 2048K, 2 young (4096K), 2 survivors (4096K)
 Metaspace       used 40814K, committed 41408K, reserved 1114112K
  class space    used 5524K, committed 5760K, reserved 1048576K
}
Event: 34.820 GC heap before
{Heap before GC invocations=11 (full 0):
 garbage-first heap   total reserved 4136960K, committed 69632K, used 54610K [0x0000000703800000, 0x0000000800000000)
  region size 2048K, 14 young (28672K), 2 survivors (4096K)
 Metaspace       used 44960K, committed 45632K, reserved 1114112K
  class space    used 6129K, committed 6400K, reserved 1048576K
}
Event: 34.835 GC heap after
{Heap after GC invocations=12 (full 0):
 garbage-first heap   total reserved 4136960K, committed 69632K, used 31256K [0x0000000703800000, 0x0000000800000000)
  region size 2048K, 2 young (4096K), 2 survivors (4096K)
 Metaspace       used 44960K, committed 45632K, reserved 1114112K
  class space    used 6129K, committed 6400K, reserved 1048576K
}
Event: 162.139 GC heap before
{Heap before GC invocations=12 (full 0):
 garbage-first heap   total reserved 4136960K, committed 69632K, used 53784K [0x0000000703800000, 0x0000000800000000)
  region size 2048K, 14 young (28672K), 2 survivors (4096K)
 Metaspace       used 49138K, committed 49792K, reserved 1114112K
  class space    used 6673K, committed 6976K, reserved 1048576K
}
Event: 162.149 GC heap after
{Heap after GC invocations=13 (full 0):
 garbage-first heap   total reserved 4136960K, committed 69632K, used 33447K [0x0000000703800000, 0x0000000800000000)
  region size 2048K, 2 young (4096K), 2 survivors (4096K)
 Metaspace       used 49138K, committed 49792K, reserved 1114112K
  class space    used 6673K, committed 6976K, reserved 1048576K
}
Event: 163.047 GC heap before
{Heap before GC invocations=13 (full 0):
 garbage-first heap   total reserved 4136960K, committed 69632K, used 53927K [0x0000000703800000, 0x0000000800000000)
  region size 2048K, 13 young (26624K), 2 survivors (4096K)
 Metaspace       used 51867K, committed 52608K, reserved 1114112K
  class space    used 7218K, committed 7552K, reserved 1048576K
}
Event: 163.057 GC heap after
{Heap after GC invocations=14 (full 0):
 garbage-first heap   total reserved 4136960K, committed 69632K, used 35114K [0x0000000703800000, 0x0000000800000000)
  region size 2048K, 1 young (2048K), 1 survivors (2048K)
 Metaspace       used 51867K, committed 52608K, reserved 1114112K
  class space    used 7218K, committed 7552K, reserved 1048576K
}
Event: 493.816 GC heap before
{Heap before GC invocations=15 (full 0):
 garbage-first heap   total reserved 4136960K, committed 69632K, used 59690K [0x0000000703800000, 0x0000000800000000)
  region size 2048K, 13 young (26624K), 1 survivors (2048K)
 Metaspace       used 54458K, committed 55296K, reserved 1114112K
  class space    used 7569K, committed 7936K, reserved 1048576K
}
Event: 493.836 GC heap after
{Heap after GC invocations=16 (full 0):
 garbage-first heap   total reserved 4136960K, committed 69632K, used 36065K [0x0000000703800000, 0x0000000800000000)
  region size 2048K, 2 young (4096K), 2 survivors (4096K)
 Metaspace       used 54458K, committed 55296K, reserved 1114112K
  class space    used 7569K, committed 7936K, reserved 1048576K
}

