# JRE version: OpenJDK Runtime Environment Corretto-23.0.2.7.1 (23.0.2+7) (build 23.0.2+7-FR)
# Java VM: OpenJDK 64-Bit Server VM Corretto-23.0.2.7.1 (23.0.2+7-FR, mixed mode, sharing, tiered, compressed oops, compressed class ptrs, g1 gc, windows-amd64)
GC Precious Log:
 CardTable entry size: 512
 Card Set container configuration: InlinePtr #cards 4 size 8 Array Of Cards #cards 16 size 48 Howl #buckets 8 coarsen threshold 3686 Howl Bitmap #cards 512 size 80 coarsen threshold 460 Card regions per heap region 1 cards per card region 4096
 CPUs: 8 total, 8 available
 Memory: 16156M
 Large Page Support: Disabled
 NUMA Support: Disabled
 Compressed Oops: Enabled (Zero based)
 Heap Region Size: 2M
 Heap Min Capacity: 8M
 Heap Initial Capacity: 254M
 Heap Max Capacity: 4040M
 Pre-touch: Disabled
 Parallel Workers: 8
 Concurrent Workers: 2
 Concurrent Refinement Workers: 8
 Periodic GC: Disabled
Heap:
 garbage-first heap   total reserved 4136960K, committed 69632K, used 38931K [0x0000000703800000, 0x0000000800000000)
  region size 2048K, 8 young (16384K), 1 survivors (2048K)
 Metaspace       used 57517K, committed 58432K, reserved 1114112K
  class space    used 7455K, committed 8000K, reserved 1048576K
GC Heap History (20 events):
Event: 3484.955 GC heap before
{Heap before GC invocations=24 (full 0):
 garbage-first heap   total reserved 4136960K, committed 69632K, used 55567K [0x0000000703800000, 0x0000000800000000)
  region size 2048K, 12 young (24576K), 2 survivors (4096K)
 Metaspace       used 56963K, committed 57856K, reserved 1114112K
  class space    used 7570K, committed 8000K, reserved 1048576K
}
Event: 3484.967 GC heap after
{Heap after GC invocations=25 (full 0):
 garbage-first heap   total reserved 4136960K, committed 69632K, used 34829K [0x0000000703800000, 0x0000000800000000)
  region size 2048K, 2 young (4096K), 2 survivors (4096K)
 Metaspace       used 56963K, committed 57856K, reserved 1114112K
  class space    used 7570K, committed 8000K, reserved 1048576K
}
Event: 4042.968 GC heap before
{Heap before GC invocations=25 (full 0):
 garbage-first heap   total reserved 4136960K, committed 69632K, used 55309K [0x0000000703800000, 0x0000000800000000)
  region size 2048K, 13 young (26624K), 2 survivors (4096K)
 Metaspace       used 57102K, committed 57984K, reserved 1114112K
  class space    used 7572K, committed 8000K, reserved 1048576K
}
Event: 4042.977 GC heap after
{Heap after GC invocations=26 (full 0):
 garbage-first heap   total reserved 4136960K, committed 69632K, used 34453K [0x0000000703800000, 0x0000000800000000)
  region size 2048K, 1 young (2048K), 1 survivors (2048K)
 Metaspace       used 57102K, committed 57984K, reserved 1114112K
  class space    used 7572K, committed 8000K, reserved 1048576K
}
Event: 4797.373 GC heap before
{Heap before GC invocations=27 (full 0):
 garbage-first heap   total reserved 4136960K, committed 69632K, used 61077K [0x0000000703800000, 0x0000000800000000)
  region size 2048K, 14 young (28672K), 1 survivors (2048K)
 Metaspace       used 56863K, committed 57984K, reserved 1114112K
  class space    used 7492K, committed 8000K, reserved 1048576K
}
Event: 4797.386 GC heap after
{Heap after GC invocations=28 (full 0):
 garbage-first heap   total reserved 4136960K, committed 69632K, used 34742K [0x0000000703800000, 0x0000000800000000)
  region size 2048K, 2 young (4096K), 2 survivors (4096K)
 Metaspace       used 56863K, committed 57984K, reserved 1114112K
  class space    used 7492K, committed 8000K, reserved 1048576K
}
Event: 5270.997 GC heap before
{Heap before GC invocations=28 (full 0):
 garbage-first heap   total reserved 4136960K, committed 69632K, used 55222K [0x0000000703800000, 0x0000000800000000)
  region size 2048K, 13 young (26624K), 2 survivors (4096K)
 Metaspace       used 57095K, committed 58048K, reserved 1114112K
  class space    used 7492K, committed 8000K, reserved 1048576K
}
Event: 5271.111 GC heap after
{Heap after GC invocations=29 (full 0):
 garbage-first heap   total reserved 4136960K, committed 69632K, used 30195K [0x0000000703800000, 0x0000000800000000)
  region size 2048K, 1 young (2048K), 1 survivors (2048K)
 Metaspace       used 57095K, committed 58048K, reserved 1114112K
  class space    used 7492K, committed 8000K, reserved 1048576K
}
Event: 6173.913 GC heap before
{Heap before GC invocations=29 (full 0):
 garbage-first heap   total reserved 4136960K, committed 69632K, used 58867K [0x0000000703800000, 0x0000000800000000)
  region size 2048K, 15 young (30720K), 1 survivors (2048K)
 Metaspace       used 57170K, committed 58112K, reserved 1114112K
  class space    used 7493K, committed 8000K, reserved 1048576K
}
Event: 6173.931 GC heap after
{Heap after GC invocations=30 (full 0):
 garbage-first heap   total reserved 4136960K, committed 69632K, used 30178K [0x0000000703800000, 0x0000000800000000)
  region size 2048K, 1 young (2048K), 1 survivors (2048K)
 Metaspace       used 57170K, committed 58112K, reserved 1114112K
  class space    used 7493K, committed 8000K, reserved 1048576K
}
Event: 7081.836 GC heap before
{Heap before GC invocations=31 (full 0):
 garbage-first heap   total reserved 4136960K, committed 69632K, used 58850K [0x0000000703800000, 0x0000000800000000)
  region size 2048K, 15 young (30720K), 1 survivors (2048K)
 Metaspace       used 57098K, committed 58112K, reserved 1114112K
  class space    used 7464K, committed 8000K, reserved 1048576K
}
Event: 7081.849 GC heap after
{Heap after GC invocations=32 (full 0):
 garbage-first heap   total reserved 4136960K, committed 69632K, used 30088K [0x0000000703800000, 0x0000000800000000)
  region size 2048K, 1 young (2048K), 1 survivors (2048K)
 Metaspace       used 57098K, committed 58112K, reserved 1114112K
  class space    used 7464K, committed 8000K, reserved 1048576K
}
Event: 7987.129 GC heap before
{Heap before GC invocations=32 (full 0):
 garbage-first heap   total reserved 4136960K, committed 69632K, used 58760K [0x0000000703800000, 0x0000000800000000)
  region size 2048K, 15 young (30720K), 1 survivors (2048K)
 Metaspace       used 57398K, committed 58304K, reserved 1114112K
  class space    used 7464K, committed 8000K, reserved 1048576K
}
Event: 7987.166 GC heap after
{Heap after GC invocations=33 (full 0):
 garbage-first heap   total reserved 4136960K, committed 69632K, used 29354K [0x0000000703800000, 0x0000000800000000)
  region size 2048K, 1 young (2048K), 1 survivors (2048K)
 Metaspace       used 57398K, committed 58304K, reserved 1114112K
  class space    used 7464K, committed 8000K, reserved 1048576K
}
Event: 8944.644 GC heap before
{Heap before GC invocations=33 (full 0):
 garbage-first heap   total reserved 4136960K, committed 69632K, used 60074K [0x0000000703800000, 0x0000000800000000)
  region size 2048K, 16 young (32768K), 1 survivors (2048K)
 Metaspace       used 57452K, committed 58304K, reserved 1114112K
  class space    used 7464K, committed 8000K, reserved 1048576K
}
Event: 8944.652 GC heap after
{Heap after GC invocations=34 (full 0):
 garbage-first heap   total reserved 4136960K, committed 69632K, used 29335K [0x0000000703800000, 0x0000000800000000)
  region size 2048K, 1 young (2048K), 1 survivors (2048K)
 Metaspace       used 57452K, committed 58304K, reserved 1114112K
  class space    used 7464K, committed 8000K, reserved 1048576K
}
Event: 9935.980 GC heap before
{Heap before GC invocations=35 (full 0):
 garbage-first heap   total reserved 4136960K, committed 69632K, used 60055K [0x0000000703800000, 0x0000000800000000)
  region size 2048K, 16 young (32768K), 1 survivors (2048K)
 Metaspace       used 57441K, committed 58304K, reserved 1114112K
  class space    used 7452K, committed 8000K, reserved 1048576K
}
Event: 9935.987 GC heap after
{Heap after GC invocations=36 (full 0):
 garbage-first heap   total reserved 4136960K, committed 69632K, used 29324K [0x0000000703800000, 0x0000000800000000)
  region size 2048K, 1 young (2048K), 1 survivors (2048K)
 Metaspace       used 57441K, committed 58304K, reserved 1114112K
  class space    used 7452K, committed 8000K, reserved 1048576K
}
Event: 10904.798 GC heap before
{Heap before GC invocations=36 (full 0):
 garbage-first heap   total reserved 4136960K, committed 69632K, used 60044K [0x0000000703800000, 0x0000000800000000)
  region size 2048K, 16 young (32768K), 1 survivors (2048K)
 Metaspace       used 57474K, committed 58368K, reserved 1114112K
  class space    used 7455K, committed 8000K, reserved 1048576K
}
Event: 10904.845 GC heap after
{Heap after GC invocations=37 (full 0):
 garbage-first heap   total reserved 4136960K, committed 69632K, used 28691K [0x0000000703800000, 0x0000000800000000)
  region size 2048K, 1 young (2048K), 1 survivors (2048K)
 Metaspace       used 57474K, committed 58368K, reserved 1114112K
  class space    used 7455K, committed 8000K, reserved 1048576K
}

